Arguments: 
  C:\Program Files\nodejs\node.exe C:\Users\zhubaiming.SYGAME\AppData\Roaming\npm\node_modules\yarn\bin\yarn.js install

PATH: 
  C:\Program Files\Common Files\Oracle\Java\javapath;C:\Program Files (x86)\Common Files\Oracle\Java\javapath;C:\Windows\system32;C:\Windows;C:\Windows\System32\Wbem;C:\Windows\System32\WindowsPowerShell\v1.0\;C:\Windows\System32\OpenSSH\;C:\Program Files (x86)\NVIDIA Corporation\PhysX\Common;C:\Program Files\NVIDIA Corporation\NVIDIA NvDLISR;C:\Program Files\TortoiseSVN\bin;C:\Program Files\Git\cmd;C:\Users\zhubaiming.SYGAME\AppData\Local\Programs\Python\Python38;C:\WINDOWS\system32;C:\WINDOWS;C:\WINDOWS\System32\Wbem;C:\WINDOWS\System32\WindowsPowerShell\v1.0\;C:\WINDOWS\System32\OpenSSH\;C:\Users\zhubaiming.SYGAME\AppData\Roaming\nvm;C:\Program Files\nodejs;C:\Users\zhubaiming.SYGAME\AppData\Roaming\npm\node_modules\yarn\bin;;D:\wechatDev\微信web开发者工具\dll;E:\360软件安装\微信web开发者工具\dll;C:\Users\zhubaiming.SYGAME\AppData\Local\Microsoft\WindowsApps;C:\Users\zhubaiming.SYGAME\AppData\Local\Programs\Microsoft VS Code\bin;C:\Program Files\Java\jdk-11.0.15.1\bin;C:\Users\zhubaiming.SYGAME\AppData\Local\Android\Sdk\platform-tools;C:\Users\zhubaiming.SYGAME\AppData\Local\Android\Sdk\emulator;C:\Users\zhubaiming.SYGAME\AppData\Local\Android\Sdk\tools;C:\Users\zhubaiming.SYGAME\AppData\Local\Android\Sdk\tools\bin;E:\360软件安装\Fiddler

Yarn version: 
  1.22.11

Node version: 
  14.18.1

Platform: 
  win32 x64

Trace: 
  Error: https://registry.npm.taobao.org/_tapable: Not found
      at Request.params.callback [as _callback] (C:\Users\zhubaiming.SYGAME\AppData\Roaming\npm\node_modules\yarn\lib\cli.js:66992:18)
      at Request.self.callback (C:\Users\zhubaiming.SYGAME\AppData\Roaming\npm\node_modules\yarn\lib\cli.js:140763:22)
      at Request.emit (events.js:400:28)
      at Request.<anonymous> (C:\Users\zhubaiming.SYGAME\AppData\Roaming\npm\node_modules\yarn\lib\cli.js:141735:10)
      at Request.emit (events.js:400:28)
      at IncomingMessage.<anonymous> (C:\Users\zhubaiming.SYGAME\AppData\Roaming\npm\node_modules\yarn\lib\cli.js:141657:12)
      at Object.onceWrapper (events.js:519:28)
      at IncomingMessage.emit (events.js:412:35)
      at endReadableNT (internal/streams/readable.js:1334:12)
      at processTicksAndRejections (internal/process/task_queues.js:82:21)

npm manifest: 
  {
      "name": "webpack-4",
      "version": "1.0.0",
      "description": "",
      "main": "index.js",
      "dependencies": {
        "_tapable@1.1.3@tapable": "^1.1.3",
        "tapable": "^1.1.3"
      },
      "devDependencies": {},
      "scripts": {
        "test": "echo \"Error: no test specified\" && exit 1"
      },
      "keywords": [],
      "author": "",
      "license": "ISC"
    }

yarn manifest: 
  No manifest

Lockfile: 
  # THIS IS AN AUTOGENERATED FILE. DO NOT EDIT THIS FILE DIRECTLY.
  # yarn lockfile v1
  
  
  tapable@^1.1.3:
    version "1.1.3"
    resolved "https://registry.npmmirror.com/tapable/-/tapable-1.1.3.tgz#a1fccc06b58db61fd7a45da2da44f5f3a3e67ba2"
    integrity sha512-4WK/bYZmj8xLr+HUCODHGF1ZFzsYffasLUgEiMBY4fgtltdO6B4WJtlSbPaDTLpYTcGVwM2qLnFTICEcNxs3kA==
